<?xml version="1.0" encoding="UTF-8"?>
<!-- Generated by org.testng.reporters.JUnitReportReporter -->
<testsuite hostname="dk" failures="0" tests="3" name="com.fitpeo.assignment.TC_RevenueCaliculatorTest_001" time="44.581" errors="0" timestamp="2024-08-03T23:58:31 IST" skipped="0">
  <testcase classname="com.fitpeo.assignment.TC_RevenueCaliculatorTest_001" name="RevenueTest" time="9.177"/>
  <testcase classname="com.fitpeo.assignment.TC_RevenueCaliculatorTest_001" name="SliderTest" time="34.524"/>
  <testcase classname="com.fitpeo.assignment.TC_RevenueCaliculatorTest_001" name="checkboxTest" time="0.880"/>
</testsuite> <!-- com.fitpeo.assignment.TC_RevenueCaliculatorTest_001 -->
